<?xml version="1.0" encoding="UTF-8"?>
<!-- Generated by org.testng.reporters.JUnitReportReporter -->
<testsuite hostname="LabWindows11Pro" failures="0" tests="2" name="com.qa.uk.tests.HomeTest" time="14.025" errors="0" timestamp="2023-12-04T13:45:58 GMT" skipped="0">
  <testcase classname="com.qa.uk.tests.HomeTest" name="LoginTest" time="7.979"/>
  <testcase classname="com.qa.uk.tests.HomeTest" name="AddJourneyTest" time="6.046"/>
</testsuite> <!-- com.qa.uk.tests.HomeTest -->
