<?xml version="1.0" encoding="UTF-8"?>
<!-- Generated by org.testng.reporters.JUnitReportReporter -->
<testsuite hostname="LabWindows11Pro" failures="0" tests="2" name="com.qa.uk.tests.HomeTest" time="15.163" errors="0" timestamp="2023-12-04T21:28:57 GMT" skipped="0">
  <testcase classname="com.qa.uk.tests.HomeTest" name="LoginTest" time="8.784"/>
  <testcase classname="com.qa.uk.tests.HomeTest" name="AddJourneyTest" time="6.379"/>
</testsuite> <!-- com.qa.uk.tests.HomeTest -->
